{"level":"info","message":{"ip":"::1","method":"POST","responseTime":"71ms","status":200,"url":"/auth/login"},"timestamp":"2026-03-16T07:14:49.854Z"}
{"level":"info","message":{"ip":"::1","method":"POST","responseTime":"3ms","status":404,"url":"/auth/products"},"timestamp":"2026-03-16T07:26:53.726Z"}
{"level":"info","message":{"ip":"::1","method":"POST","responseTime":"17ms","status":200,"url":"/products"},"timestamp":"2026-03-16T07:27:06.873Z"}
{"level":"info","message":{"ip":"::1","method":"GET","responseTime":"6ms","status":200,"url":"/products"},"timestamp":"2026-03-16T07:27:38.978Z"}
{"level":"info","message":{"ip":"::1","method":"GET","responseTime":"6ms","status":200,"url":"/products/1"},"timestamp":"2026-03-16T07:28:11.134Z"}
{"level":"info","message":{"ip":"::1","method":"PUT","responseTime":"10ms","status":200,"url":"/products/1"},"timestamp":"2026-03-16T07:30:00.784Z"}
{"level":"info","message":{"ip":"::1","method":"POST","responseTime":"7ms","status":401,"url":"/cart/add"},"timestamp":"2026-03-17T05:47:08.235Z"}
{"level":"info","message":{"ip":"::1","method":"POST","responseTime":"88ms","status":200,"url":"/auth/login"},"timestamp":"2026-03-17T05:47:14.447Z"}
{"level":"info","message":{"ip":"::1","method":"POST","responseTime":"8ms","status":500,"url":"/cart/add"},"timestamp":"2026-03-17T05:47:21.324Z"}
{"level":"info","message":{"ip":"::1","method":"POST","responseTime":"26ms","status":200,"url":"/cart/add"},"timestamp":"2026-03-17T05:48:49.338Z"}
{"level":"info","message":{"ip":"::1","method":"GET","responseTime":"11ms","status":200,"url":"/cart"},"timestamp":"2026-03-17T05:49:42.808Z"}
{"level":"info","message":{"ip":"::1","method":"DELETE","responseTime":"13ms","status":200,"url":"/cart/remove"},"timestamp":"2026-03-17T05:51:37.031Z"}
{"level":"info","message":{"ip":"::1","method":"GET","responseTime":"5ms","status":200,"url":"/cart"},"timestamp":"2026-03-17T05:51:40.599Z"}
{"level":"info","message":{"ip":"::1","method":"POST","responseTime":"22ms","status":200,"url":"/cart/add"},"timestamp":"2026-03-17T06:00:36.926Z"}
{"level":"info","message":{"ip":"::1","method":"GET","responseTime":"8ms","status":200,"url":"/cart"},"timestamp":"2026-03-17T06:00:40.246Z"}
{"level":"info","message":{"ip":"::1","method":"POST","responseTime":"11ms","status":200,"url":"/cart/add"},"timestamp":"2026-03-17T06:00:48.979Z"}
{"level":"info","message":{"ip":"::1","method":"GET","responseTime":"4ms","status":200,"url":"/cart"},"timestamp":"2026-03-17T06:00:58.292Z"}
{"level":"info","message":{"ip":"::1","method":"POST","responseTime":"22ms","status":200,"url":"/cart/add"},"timestamp":"2026-03-17T06:06:43.309Z"}
{"level":"info","message":{"ip":"::1","method":"DELETE","responseTime":"8ms","status":404,"url":"/cart/remove"},"timestamp":"2026-03-17T06:07:28.369Z"}
{"level":"info","message":{"ip":"::1","method":"DELETE","responseTime":"7ms","status":200,"url":"/cart/remove"},"timestamp":"2026-03-17T06:07:32.609Z"}
{"level":"info","message":{"ip":"::1","method":"POST","responseTime":"10ms","status":200,"url":"/cart/add"},"timestamp":"2026-03-17T06:07:36.505Z"}
{"level":"info","message":{"ip":"::1","method":"POST","responseTime":"13ms","status":200,"url":"/cart/add"},"timestamp":"2026-03-17T06:07:49.544Z"}
{"level":"info","message":{"ip":"::1","method":"POST","responseTime":"7ms","status":200,"url":"/cart/add"},"timestamp":"2026-03-17T06:07:51.225Z"}
{"level":"info","message":{"ip":"::1","method":"POST","responseTime":"32ms","status":200,"url":"/checkout"},"timestamp":"2026-03-17T06:40:24.337Z"}
{"level":"info","message":{"ip":"::1","method":"GET","responseTime":"8ms","status":200,"url":"/cart"},"timestamp":"2026-03-17T06:40:40.410Z"}
